<?xml version="1.0" encoding="UTF-8"?>
<!-- Generated by org.testng.reporters.JUnitXMLReporter -->
<testsuite ignored="0" hostname="ANUJ" failures="0" tests="4" name="Test" time="0.136" errors="0" timestamp="2023-06-22T15:40:33 IST">
  <testcase classname="testcases.Test1" name="test_login" time="0.022"/>
  <testcase classname="testcases.Test1" name="test_logout" time="0.004"/>
  <testcase classname="testcases.Test2" name="test_search" time="0.004"/>
  <testcase classname="testcases.Test2" name="test_advSearch" time="0.003"/>
</testsuite> <!-- Test -->
