<?xml version="1.0" encoding="UTF-8"?>
<testng-results ignored="0" total="4" passed="4" failed="0" skipped="0">
  <reporter-output>
  </reporter-output>
  <suite started-at="2023-06-22T15:40:32 IST" name="Suite" finished-at="2023-06-22T15:40:32 IST" duration-ms="136">
    <groups>
    </groups>
    <test started-at="2023-06-22T15:40:32 IST" name="Test" finished-at="2023-06-22T15:40:32 IST" duration-ms="136">
      <class name="testcases.Test1">
        <test-method signature="test_login()[pri:1, instance:testcases.Test1@1cf6d1be]" started-at="2023-06-22T15:40:32 IST" name="test_login" finished-at="2023-06-22T15:40:32 IST" duration-ms="22" status="PASS">
          <reporter-output>
          </reporter-output>
        </test-method> <!-- test_login -->
        <test-method signature="test_logout()[pri:2, instance:testcases.Test1@1cf6d1be]" started-at="2023-06-22T15:40:32 IST" name="test_logout" finished-at="2023-06-22T15:40:32 IST" duration-ms="4" status="PASS">
          <reporter-output>
          </reporter-output>
        </test-method> <!-- test_logout -->
      </class> <!-- testcases.Test1 -->
      <class name="testcases.Test2">
        <test-method signature="test_search()[pri:1, instance:testcases.Test2@15043a2f]" started-at="2023-06-22T15:40:32 IST" name="test_search" finished-at="2023-06-22T15:40:32 IST" duration-ms="4" status="PASS">
          <reporter-output>
          </reporter-output>
        </test-method> <!-- test_search -->
        <test-method signature="test_advSearch()[pri:2, instance:testcases.Test2@15043a2f]" started-at="2023-06-22T15:40:32 IST" name="test_advSearch" finished-at="2023-06-22T15:40:32 IST" duration-ms="3" status="PASS">
          <reporter-output>
          </reporter-output>
        </test-method> <!-- test_advSearch -->
      </class> <!-- testcases.Test2 -->
    </test> <!-- Test -->
  </suite> <!-- Suite -->
</testng-results>
